This is pdfTeX, Version 3.141592653-2.6-1.40.22 (TeX Live 2021/NixOS.org) (preloaded format=pdflatex 2022.1.15)  31 JAN 2022 20:31
entering extended mode
 restricted \write18 enabled.
 file:line:error style messages enabled.
 %&-line parsing enabled.
**/home/tmn/src/boek-oma/generated.tex
(/home/tmn/src/boek-oma/generated.tex
LaTeX2e <2020-10-01> patch level 4
L3 programming layer <2021-02-18> (/nix/store/37chk0n35jywvcxydhpjd52lgzzc0n5v-texlive-combined-full-2021.20210408/share/texmf/tex/latex/koma-script/scrbook.cls
Document Class: scrbook 2021/03/17 v3.33 KOMA-Script document class (book)
(/nix/store/37chk0n35jywvcxydhpjd52lgzzc0n5v-texlive-combined-full-2021.20210408/share/texmf/tex/latex/koma-script/scrkbase.sty
Package: scrkbase 2021/03/17 v3.33 KOMA-Script package (KOMA-Script-dependent basics and keyval usage)
 (/nix/store/37chk0n35jywvcxydhpjd52lgzzc0n5v-texlive-combined-full-2021.20210408/share/texmf/tex/latex/koma-script/scrbase.sty
Package: scrbase 2021/03/17 v3.33 KOMA-Script package (KOMA-Script-independent basics and keyval usage)
 (/nix/store/37chk0n35jywvcxydhpjd52lgzzc0n5v-texlive-combined-full-2021.20210408/share/texmf/tex/latex/koma-script/scrlfile.sty
Package: scrlfile 2021/03/17 v3.33 KOMA-Script package (file load hooks)
 (/nix/store/37chk0n35jywvcxydhpjd52lgzzc0n5v-texlive-combined-full-2021.20210408/share/texmf/tex/latex/koma-script/scrlfile-hook.sty
Package: scrlfile-hook 2021/03/17 v3.33 KOMA-Script package (using LaTeX hooks)

LaTeX3 Info: Defining command \BeforeFile with sig. 'm' on line 61.


LaTeX3 Info: Defining command \AfterFile with sig. 'm' on line 65.


LaTeX3 Info: Defining command \BeforeClass with sig. 'm' on line 69.


LaTeX3 Info: Defining command \BeforePackage with sig. 'm' on line 73.


LaTeX3 Info: Defining command \AfterAtEndOfClass with sig. 'smo+m' on line 83.


LaTeX3 Info: Defining command \AfterAtEndOfPackage with sig. 'smo+m' on line
(LaTeX3)     93.


LaTeX3 Info: Defining command \scrlfile@AfterClass with sig. 'smo+m' on line
(LaTeX3)     173.


LaTeX3 Info: Defining command \AfterClass with sig. '' on line 174.


LaTeX3 Info: Defining command \scrlfile@AfterPackage with sig. 'smo+m' on line
(LaTeX3)     191.


LaTeX3 Info: Defining command \AfterPackage with sig. '' on line 192.


LaTeX3 Info: Defining command \ReplaceInput with sig. '' on line 193.


LaTeX3 Info: Defining command \ReplaceClass with sig. 'mm' on line 196.


LaTeX3 Info: Defining command \ReplacePackage with sig. 'mm' on line 199.


LaTeX3 Info: Defining command \UnReplaceInput with sig. '' on line 200.


LaTeX3 Info: Defining command \UnReplaceClass with sig. 'm' on line 203.


LaTeX3 Info: Defining command \UnReplacePackage with sig. 'mm' on line 206.


LaTeX3 Info: Defining command \PreventPackageFromLoading with sig. 's+om' on
(LaTeX3)     line 234.


LaTeX3 Info: Defining command \StorePreventPackageFromLoading with sig. 'm' on
(LaTeX3)     line 242.


LaTeX3 Info: Defining command \ResetPreventPackageFromLoading with sig. '' on
(LaTeX3)     line 247.


LaTeX3 Info: Defining command \UnPreventPackageFromLoading with sig. 'sm' on
(LaTeX3)     line 261.


LaTeX3 Info: Defining command \BeforeClosingMainAux with sig. 'om' on line
(LaTeX3)     274.


LaTeX3 Info: Defining command \AfterReadingMainAux with sig. 'om' on line 287.


LaTeX3 Info: Defining command \protected@immediate@write with sig. 'm+m+m' on
(LaTeX3)     line 298.

 (/nix/store/37chk0n35jywvcxydhpjd52lgzzc0n5v-texlive-combined-full-2021.20210408/share/texmf/tex/latex/koma-script/scrlogo.sty
Package: scrlogo 2021/03/17 v3.33 KOMA-Script package (logo)
))) (/nix/store/37chk0n35jywvcxydhpjd52lgzzc0n5v-texlive-combined-full-2021.20210408/share/texmf/tex/latex/graphics/keyval.sty
Package: keyval 2014/10/28 v1.15 key=value parser (DPC)
\KV@toks@=\toks15
)
Skipping: [2021/05/01] Usage of raw option list on input line 252.
Applying: [0000/00/00] compatibility for LaTeX before 2021/05/01 on input line 337.
)) (/nix/store/37chk0n35jywvcxydhpjd52lgzzc0n5v-texlive-combined-full-2021.20210408/share/texmf/tex/latex/koma-script/tocbasic.sty
Package: tocbasic 2021/03/17 v3.33 KOMA-Script package (handling toc-files)
\scr@dte@tocline@numberwidth=\skip47
\scr@dte@tocline@numbox=\box47
)
Package tocbasic Info: babel extension for `toc' omitted
(tocbasic)             because of missing \bbl@set@language on input line 137.
Class scrbook Info: File `scrsize11pt.clo' used instead of
(scrbook)           file `scrsize11.clo' to setup font sizes on input line 2454.
 (/nix/store/37chk0n35jywvcxydhpjd52lgzzc0n5v-texlive-combined-full-2021.20210408/share/texmf/tex/latex/koma-script/scrsize11pt.clo
File: scrsize11pt.clo 2021/03/17 v3.33 KOMA-Script font size class option (11pt)
) (/nix/store/37chk0n35jywvcxydhpjd52lgzzc0n5v-texlive-combined-full-2021.20210408/share/texmf/tex/latex/koma-script/typearea.sty
Package: typearea 2021/03/17 v3.33 KOMA-Script package (type area)
\ta@bcor=\skip48
\ta@div=\count179
\ta@hblk=\skip49
\ta@vblk=\skip50
\ta@temp=\skip51
\footheight=\skip52
Package typearea Info: These are the values describing the layout:
(typearea)             DIV  = 10
(typearea)             BCOR = 0.0pt
(typearea)             \paperwidth      = 597.50793pt
(typearea)              \textwidth      = 418.25555pt
(typearea)              DIV departure   = -6%
(typearea)              \evensidemargin = 47.2316pt
(typearea)              \oddsidemargin  = -12.5192pt
(typearea)             \paperheight     = 845.04694pt
(typearea)              \textheight     = 595.80026pt
(typearea)              \topmargin      = -25.16531pt
(typearea)              \headheight     = 17.0pt
(typearea)              \headsep        = 20.40001pt
(typearea)              \topskip        = 11.0pt
(typearea)              \footskip       = 47.6pt
(typearea)              \baselineskip   = 13.6pt
(typearea)              on input line 1741.
)
\c@part=\count180
\c@chapter=\count181
\c@section=\count182
\c@subsection=\count183
\c@subsubsection=\count184
\c@paragraph=\count185
\c@subparagraph=\count186
\scr@dte@chapter@maxnumwidth=\skip53
Class scrbook Info: using compatibility default `afterindent=bysign'
(scrbook)           for `\chapter on input line 5676.
\scr@dte@section@maxnumwidth=\skip54
Class scrbook Info: using compatibility default `runin=bysign'
(scrbook)           for `\section on input line 5687.
Class scrbook Info: using compatibility default `afterindent=bysign'
(scrbook)           for `\section on input line 5687.
\scr@dte@part@maxnumwidth=\skip55
Class scrbook Info: using compatibility default `afterindent=true'
(scrbook)           for `\part on input line 5696.
\scr@dte@subsection@maxnumwidth=\skip56
Class scrbook Info: using compatibility default `runin=bysign'
(scrbook)           for `\subsection on input line 5706.
Class scrbook Info: using compatibility default `afterindent=bysign'
(scrbook)           for `\subsection on input line 5706.
\scr@dte@subsubsection@maxnumwidth=\skip57
Class scrbook Info: using compatibility default `runin=bysign'
(scrbook)           for `\subsubsection on input line 5716.
Class scrbook Info: using compatibility default `afterindent=bysign'
(scrbook)           for `\subsubsection on input line 5716.
\scr@dte@paragraph@maxnumwidth=\skip58
Class scrbook Info: using compatibility default `runin=bysign'
(scrbook)           for `\paragraph on input line 5727.
Class scrbook Info: using compatibility default `afterindent=bysign'
(scrbook)           for `\paragraph on input line 5727.
\scr@dte@subparagraph@maxnumwidth=\skip59
Class scrbook Info: using compatibility default `runin=bysign'
(scrbook)           for `\subparagraph on input line 5737.
Class scrbook Info: using compatibility default `afterindent=bysign'
(scrbook)           for `\subparagraph on input line 5737.
\abovecaptionskip=\skip60
\belowcaptionskip=\skip61
\c@pti@nb@sid@b@x=\box48
Package tocbasic Info: babel extension for `lof' omitted
(tocbasic)             because of missing \bbl@set@language on input line 6980.
\scr@dte@figure@maxnumwidth=\skip62
\c@figure=\count187
Package tocbasic Info: babel extension for `lot' omitted
(tocbasic)             because of missing \bbl@set@language on input line 7001.
\scr@dte@table@maxnumwidth=\skip63
\c@table=\count188
Class scrbook Info: Redefining `\numberline' on input line 7174.
\bibindent=\dimen138
) (/nix/store/37chk0n35jywvcxydhpjd52lgzzc0n5v-texlive-combined-full-2021.20210408/share/texmf/tex/latex/base/fontenc.sty
Package: fontenc 2020/08/10 v2.0s Standard LaTeX package
) (/nix/store/37chk0n35jywvcxydhpjd52lgzzc0n5v-texlive-combined-full-2021.20210408/share/texmf/tex/latex/base/inputenc.sty
Package: inputenc 2020/08/01 v1.3d Input encoding file
\inpenc@prehook=\toks16
\inpenc@posthook=\toks17
) (/nix/store/37chk0n35jywvcxydhpjd52lgzzc0n5v-texlive-combined-full-2021.20210408/share/texmf/tex/latex/graphics/graphicx.sty
Package: graphicx 2020/09/09 v1.2b Enhanced LaTeX Graphics (DPC,SPQR)
 (/nix/store/37chk0n35jywvcxydhpjd52lgzzc0n5v-texlive-combined-full-2021.20210408/share/texmf/tex/latex/graphics/graphics.sty
Package: graphics 2020/08/30 v1.4c Standard LaTeX Graphics (DPC,SPQR)
 (/nix/store/37chk0n35jywvcxydhpjd52lgzzc0n5v-texlive-combined-full-2021.20210408/share/texmf/tex/latex/graphics/trig.sty
Package: trig 2016/01/03 v1.10 sin cos tan (DPC)
) (/nix/store/37chk0n35jywvcxydhpjd52lgzzc0n5v-texlive-combined-full-2021.20210408/share/texmf/tex/latex/graphics-cfg/graphics.cfg
File: graphics.cfg 2016/06/04 v1.11 sample graphics configuration
)
Package graphics Info: Driver file: pdftex.def on input line 105.
 (/nix/store/37chk0n35jywvcxydhpjd52lgzzc0n5v-texlive-combined-full-2021.20210408/share/texmf/tex/latex/graphics-def/pdftex.def
File: pdftex.def 2020/10/05 v1.2a Graphics/color driver for pdftex
))
\Gin@req@height=\dimen139
\Gin@req@width=\dimen140
) (/nix/store/37chk0n35jywvcxydhpjd52lgzzc0n5v-texlive-combined-full-2021.20210408/share/texmf/tex/latex/hyperref/hyperref.sty
Package: hyperref 2021-02-27 v7.00k Hypertext links for LaTeX
 (/nix/store/37chk0n35jywvcxydhpjd52lgzzc0n5v-texlive-combined-full-2021.20210408/share/texmf/tex/generic/ltxcmds/ltxcmds.sty
Package: ltxcmds 2020-05-10 v1.25 LaTeX kernel commands for general use (HO)
) (/nix/store/37chk0n35jywvcxydhpjd52lgzzc0n5v-texlive-combined-full-2021.20210408/share/texmf/tex/generic/iftex/iftex.sty
Package: iftex 2020/03/06 v1.0d TeX engine tests
) (/nix/store/37chk0n35jywvcxydhpjd52lgzzc0n5v-texlive-combined-full-2021.20210408/share/texmf/tex/generic/pdftexcmds/pdftexcmds.sty
Package: pdftexcmds 2020-06-27 v0.33 Utility functions of pdfTeX for LuaTeX (HO)
 (/nix/store/37chk0n35jywvcxydhpjd52lgzzc0n5v-texlive-combined-full-2021.20210408/share/texmf/tex/generic/infwarerr/infwarerr.sty
Package: infwarerr 2019/12/03 v1.5 Providing info/warning/error messages (HO)
)
Package pdftexcmds Info: \pdf@primitive is available.
Package pdftexcmds Info: \pdf@ifprimitive is available.
Package pdftexcmds Info: \pdfdraftmode found.
) (/nix/store/37chk0n35jywvcxydhpjd52lgzzc0n5v-texlive-combined-full-2021.20210408/share/texmf/tex/generic/kvsetkeys/kvsetkeys.sty
Package: kvsetkeys 2019/12/15 v1.18 Key value parser (HO)
) (/nix/store/37chk0n35jywvcxydhpjd52lgzzc0n5v-texlive-combined-full-2021.20210408/share/texmf/tex/generic/kvdefinekeys/kvdefinekeys.sty
Package: kvdefinekeys 2019-12-19 v1.6 Define keys (HO)
) (/nix/store/37chk0n35jywvcxydhpjd52lgzzc0n5v-texlive-combined-full-2021.20210408/share/texmf/tex/generic/pdfescape/pdfescape.sty
Package: pdfescape 2019/12/09 v1.15 Implements pdfTeX's escape features (HO)
) (/nix/store/37chk0n35jywvcxydhpjd52lgzzc0n5v-texlive-combined-full-2021.20210408/share/texmf/tex/latex/hycolor/hycolor.sty
Package: hycolor 2020-01-27 v1.10 Color options for hyperref/bookmark (HO)
) (/nix/store/37chk0n35jywvcxydhpjd52lgzzc0n5v-texlive-combined-full-2021.20210408/share/texmf/tex/latex/letltxmacro/letltxmacro.sty
Package: letltxmacro 2019/12/03 v1.6 Let assignment for LaTeX macros (HO)
) (/nix/store/37chk0n35jywvcxydhpjd52lgzzc0n5v-texlive-combined-full-2021.20210408/share/texmf/tex/latex/auxhook/auxhook.sty
Package: auxhook 2019-12-17 v1.6 Hooks for auxiliary files (HO)
) (/nix/store/37chk0n35jywvcxydhpjd52lgzzc0n5v-texlive-combined-full-2021.20210408/share/texmf/tex/latex/kvoptions/kvoptions.sty
Package: kvoptions 2020-10-07 v3.14 Key value format for package options (HO)
)
\@linkdim=\dimen141
\Hy@linkcounter=\count189
\Hy@pagecounter=\count190
 (/nix/store/37chk0n35jywvcxydhpjd52lgzzc0n5v-texlive-combined-full-2021.20210408/share/texmf/tex/latex/hyperref/pd1enc.def
File: pd1enc.def 2021-02-27 v7.00k Hyperref: PDFDocEncoding definition (HO)
Now handling font encoding PD1 ...
... no UTF-8 mapping file for font encoding PD1
) (/nix/store/37chk0n35jywvcxydhpjd52lgzzc0n5v-texlive-combined-full-2021.20210408/share/texmf/tex/latex/hyperref/hyperref-langpatches.def
File: hyperref-langpatches.def 2021-02-27 v7.00k Hyperref: patches for babel languages
) (/nix/store/37chk0n35jywvcxydhpjd52lgzzc0n5v-texlive-combined-full-2021.20210408/share/texmf/tex/generic/intcalc/intcalc.sty
Package: intcalc 2019/12/15 v1.3 Expandable calculations with integers (HO)
) (/nix/store/37chk0n35jywvcxydhpjd52lgzzc0n5v-texlive-combined-full-2021.20210408/share/texmf/tex/generic/etexcmds/etexcmds.sty
Package: etexcmds 2019/12/15 v1.7 Avoid name clashes with e-TeX commands (HO)
)
\Hy@SavedSpaceFactor=\count191
 (/nix/store/37chk0n35jywvcxydhpjd52lgzzc0n5v-texlive-combined-full-2021.20210408/share/texmf/tex/latex/hyperref/puenc.def
File: puenc.def 2021-02-27 v7.00k Hyperref: PDF Unicode definition (HO)
Now handling font encoding PU ...
... no UTF-8 mapping file for font encoding PU
)
Package hyperref Info: Hyper figures OFF on input line 4192.
Package hyperref Info: Link nesting OFF on input line 4197.
Package hyperref Info: Hyper index ON on input line 4200.
Package hyperref Info: Plain pages OFF on input line 4207.
Package hyperref Info: Backreferencing OFF on input line 4212.
Package hyperref Info: Implicit mode ON; LaTeX internals redefined.
Package hyperref Info: Bookmarks ON on input line 4445.
\c@Hy@tempcnt=\count192
 (/nix/store/37chk0n35jywvcxydhpjd52lgzzc0n5v-texlive-combined-full-2021.20210408/share/texmf/tex/latex/url/url.sty
\Urlmuskip=\muskip16
Package: url 2013/09/16  ver 3.4  Verb mode for urls, etc.
)
LaTeX Info: Redefining \url on input line 4804.
\XeTeXLinkMargin=\dimen142
 (/nix/store/37chk0n35jywvcxydhpjd52lgzzc0n5v-texlive-combined-full-2021.20210408/share/texmf/tex/generic/bitset/bitset.sty
Package: bitset 2019/12/09 v1.3 Handle bit-vector datatype (HO)
 (/nix/store/37chk0n35jywvcxydhpjd52lgzzc0n5v-texlive-combined-full-2021.20210408/share/texmf/tex/generic/bigintcalc/bigintcalc.sty
Package: bigintcalc 2019/12/15 v1.5 Expandable calculations on big integers (HO)
))
\Fld@menulength=\count193
\Field@Width=\dimen143
\Fld@charsize=\dimen144
Package hyperref Info: Hyper figures OFF on input line 6075.
Package hyperref Info: Link nesting OFF on input line 6080.
Package hyperref Info: Hyper index ON on input line 6083.
Package hyperref Info: backreferencing OFF on input line 6090.
Package hyperref Info: Link coloring OFF on input line 6095.
Package hyperref Info: Link coloring with OCG OFF on input line 6100.
Package hyperref Info: PDF/A mode OFF on input line 6105.
LaTeX Info: Redefining \ref on input line 6145.
LaTeX Info: Redefining \pageref on input line 6149.
 (/nix/store/37chk0n35jywvcxydhpjd52lgzzc0n5v-texlive-combined-full-2021.20210408/share/texmf/tex/latex/base/atbegshi-ltx.sty
Package: atbegshi-ltx 2020/08/17 v1.0a Emulation of the original atbegshi package
with kernel methods
)
\Hy@abspage=\count194
\c@Item=\count195
\c@Hfootnote=\count196
)
Package hyperref Info: Driver (autodetected): hpdftex.
 (/nix/store/37chk0n35jywvcxydhpjd52lgzzc0n5v-texlive-combined-full-2021.20210408/share/texmf/tex/latex/hyperref/hpdftex.def
File: hpdftex.def 2021-02-27 v7.00k Hyperref driver for pdfTeX
 (/nix/store/37chk0n35jywvcxydhpjd52lgzzc0n5v-texlive-combined-full-2021.20210408/share/texmf/tex/latex/base/atveryend-ltx.sty
Package: atveryend-ltx 2020/08/19 v1.0a Emulation of the original atvery package
with kernel methods
)
\Fld@listcount=\count197
\c@bookmark@seq@number=\count198
 (/nix/store/37chk0n35jywvcxydhpjd52lgzzc0n5v-texlive-combined-full-2021.20210408/share/texmf/tex/latex/rerunfilecheck/rerunfilecheck.sty
Package: rerunfilecheck 2019/12/05 v1.9 Rerun checks for auxiliary files (HO)
 (/nix/store/37chk0n35jywvcxydhpjd52lgzzc0n5v-texlive-combined-full-2021.20210408/share/texmf/tex/generic/uniquecounter/uniquecounter.sty
Package: uniquecounter 2019/12/15 v1.4 Provide unlimited unique counter (HO)
)
Package uniquecounter Info: New unique counter `rerunfilecheck' on input line 286.
)
\Hy@SectionHShift=\skip64
) (/nix/store/37chk0n35jywvcxydhpjd52lgzzc0n5v-texlive-combined-full-2021.20210408/share/texmf/tex/latex/multirow/multirow.sty
Package: multirow 2021/03/15 v2.8 Span multiple rows of a table
\multirow@colwidth=\skip65
\multirow@cntb=\count199
\multirow@dima=\skip66
\bigstrutjot=\dimen145
) (/nix/store/37chk0n35jywvcxydhpjd52lgzzc0n5v-texlive-combined-full-2021.20210408/share/texmf/tex/latex/tools/tabularx.sty
Package: tabularx 2020/01/15 v2.11c `tabularx' package (DPC)
 (/nix/store/37chk0n35jywvcxydhpjd52lgzzc0n5v-texlive-combined-full-2021.20210408/share/texmf/tex/latex/tools/array.sty
Package: array 2020/10/01 v2.5c Tabular extension package (FMi)
\col@sep=\dimen146
\ar@mcellbox=\box49
\extrarowheight=\dimen147
\NC@list=\toks18
\extratabsurround=\skip67
\backup@length=\skip68
\ar@cellbox=\box50
)
\TX@col@width=\dimen148
\TX@old@table=\dimen149
\TX@old@col=\dimen150
\TX@target=\dimen151
\TX@delta=\dimen152
\TX@cols=\count266
\TX@ftn=\toks19
) (/nix/store/37chk0n35jywvcxydhpjd52lgzzc0n5v-texlive-combined-full-2021.20210408/share/texmf/tex/latex/graphics/color.sty
Package: color 2020/02/24 v1.2b Standard LaTeX Color (DPC)
 (/nix/store/37chk0n35jywvcxydhpjd52lgzzc0n5v-texlive-combined-full-2021.20210408/share/texmf/tex/latex/graphics-cfg/color.cfg
File: color.cfg 2016/01/02 v1.6 sample color configuration
)
Package color Info: Driver file: pdftex.def on input line 147.
) (/nix/store/37chk0n35jywvcxydhpjd52lgzzc0n5v-texlive-combined-full-2021.20210408/share/texmf/tex/latex/base/textcomp.sty
Package: textcomp 2020/02/02 v2.0n Standard LaTeX package
) (/nix/store/37chk0n35jywvcxydhpjd52lgzzc0n5v-texlive-combined-full-2021.20210408/share/texmf/tex/latex/tipa/tipa.sty
Package: tipa 2002/08/08 TIPA version 1.1
 (/nix/store/37chk0n35jywvcxydhpjd52lgzzc0n5v-texlive-combined-full-2021.20210408/share/texmf/tex/latex/base/fontenc.sty
Package: fontenc 2020/08/10 v2.0s Standard LaTeX package
 (/nix/store/37chk0n35jywvcxydhpjd52lgzzc0n5v-texlive-combined-full-2021.20210408/share/texmf/tex/latex/tipa/t3enc.def
File: t3enc.def 2001/12/31 T3 encoding
Now handling font encoding T3 ...
... no UTF-8 mapping file for font encoding T3
LaTeX Font Info:    Trying to load font information for T1+cmss on input line 357.
 (/nix/store/37chk0n35jywvcxydhpjd52lgzzc0n5v-texlive-combined-full-2021.20210408/share/texmf/tex/latex/base/t1cmss.fd
File: t1cmss.fd 2019/12/16 v2.5j Standard LaTeX font definitions
)))) (/nix/store/37chk0n35jywvcxydhpjd52lgzzc0n5v-texlive-combined-full-2021.20210408/share/texmf/tex/latex/amsmath/amsmath.sty
Package: amsmath 2020/09/23 v2.17i AMS math features
\@mathmargin=\skip69

For additional information on amsmath, use the `?' option.
(/nix/store/37chk0n35jywvcxydhpjd52lgzzc0n5v-texlive-combined-full-2021.20210408/share/texmf/tex/latex/amsmath/amstext.sty
Package: amstext 2000/06/29 v2.01 AMS text
 (/nix/store/37chk0n35jywvcxydhpjd52lgzzc0n5v-texlive-combined-full-2021.20210408/share/texmf/tex/latex/amsmath/amsgen.sty
File: amsgen.sty 1999/11/30 v2.0 generic functions
\@emptytoks=\toks20
\ex@=\dimen153
)) (/nix/store/37chk0n35jywvcxydhpjd52lgzzc0n5v-texlive-combined-full-2021.20210408/share/texmf/tex/latex/amsmath/amsbsy.sty
Package: amsbsy 1999/11/29 v1.2d Bold Symbols
\pmbraise@=\dimen154
) (/nix/store/37chk0n35jywvcxydhpjd52lgzzc0n5v-texlive-combined-full-2021.20210408/share/texmf/tex/latex/amsmath/amsopn.sty
Package: amsopn 2016/03/08 v2.02 operator names
)
\inf@bad=\count267
LaTeX Info: Redefining \frac on input line 234.
\uproot@=\count268
\leftroot@=\count269
LaTeX Info: Redefining \overline on input line 399.
\classnum@=\count270
\DOTSCASE@=\count271
LaTeX Info: Redefining \ldots on input line 496.
LaTeX Info: Redefining \dots on input line 499.
LaTeX Info: Redefining \cdots on input line 620.
\Mathstrutbox@=\box51
\strutbox@=\box52
\big@size=\dimen155
LaTeX Font Info:    Redeclaring font encoding OML on input line 743.
LaTeX Font Info:    Redeclaring font encoding OMS on input line 744.
\macc@depth=\count272
\c@MaxMatrixCols=\count273
\dotsspace@=\muskip17
\c@parentequation=\count274
\dspbrk@lvl=\count275
\tag@help=\toks21
\row@=\count276
\column@=\count277
\maxfields@=\count278
\andhelp@=\toks22
\eqnshift@=\dimen156
\alignsep@=\dimen157
\tagshift@=\dimen158
\tagwidth@=\dimen159
\totwidth@=\dimen160
\lineht@=\dimen161
\@envbody=\toks23
\multlinegap=\skip70
\multlinetaggap=\skip71
\mathdisplay@stack=\toks24
LaTeX Info: Redefining \[ on input line 2923.
LaTeX Info: Redefining \] on input line 2924.
) (/nix/store/37chk0n35jywvcxydhpjd52lgzzc0n5v-texlive-combined-full-2021.20210408/share/texmf/tex/latex/amsfonts/amssymb.sty
Package: amssymb 2013/01/14 v3.01 AMS font symbols
 (/nix/store/37chk0n35jywvcxydhpjd52lgzzc0n5v-texlive-combined-full-2021.20210408/share/texmf/tex/latex/amsfonts/amsfonts.sty
Package: amsfonts 2013/01/14 v3.01 Basic AMSFonts support
\symAMSa=\mathgroup4
\symAMSb=\mathgroup5
LaTeX Font Info:    Redeclaring math symbol \hbar on input line 98.
LaTeX Font Info:    Overwriting math alphabet `\mathfrak' in version `bold'
(Font)                  U/euf/m/n --> U/euf/b/n on input line 106.
)) (/nix/store/37chk0n35jywvcxydhpjd52lgzzc0n5v-texlive-combined-full-2021.20210408/share/texmf/tex/latex/amsmath/amsxtra.sty
Package: amsxtra 1999/11/15 v1.2c AMS extra commands
LaTeX Info: Redefining \nobreakspace on input line 54.
) (/nix/store/37chk0n35jywvcxydhpjd52lgzzc0n5v-texlive-combined-full-2021.20210408/share/texmf/tex/latex/wasysym/wasysym.sty
Package: wasysym 2020/01/19 v2.4 Wasy-2 symbol support package
\symwasy=\mathgroup6
LaTeX Font Info:    Overwriting symbol font `wasy' in version `bold'
(Font)                  U/wasy/m/n --> U/wasy/b/n on input line 93.
) (/nix/store/37chk0n35jywvcxydhpjd52lgzzc0n5v-texlive-combined-full-2021.20210408/share/texmf/tex/latex/isomath/isomath.sty
Package: isomath 2012/09/04 v0.6.1 ISO math style
 (/nix/store/37chk0n35jywvcxydhpjd52lgzzc0n5v-texlive-combined-full-2021.20210408/share/texmf/tex/latex/was/fixmath.sty
Package: fixmath 2000/04/11 v0.9 (WaS)
LaTeX Font Info:    Redeclaring math symbol \Gamma on input line 27.
LaTeX Font Info:    Redeclaring math symbol \Delta on input line 28.
LaTeX Font Info:    Redeclaring math symbol \Theta on input line 29.
LaTeX Font Info:    Redeclaring math symbol \Lambda on input line 30.
LaTeX Font Info:    Redeclaring math symbol \Xi on input line 31.
LaTeX Font Info:    Redeclaring math symbol \Pi on input line 32.
LaTeX Font Info:    Redeclaring math symbol \Sigma on input line 33.
LaTeX Font Info:    Redeclaring math symbol \Upsilon on input line 34.
LaTeX Font Info:    Redeclaring math symbol \Phi on input line 35.
LaTeX Font Info:    Redeclaring math symbol \Psi on input line 36.
LaTeX Font Info:    Redeclaring math symbol \Omega on input line 37.
LaTeX Font Info:    Redeclaring math symbol \alpha on input line 38.
LaTeX Font Info:    Redeclaring math symbol \beta on input line 39.
LaTeX Font Info:    Redeclaring math symbol \gamma on input line 40.
LaTeX Font Info:    Redeclaring math symbol \delta on input line 41.
LaTeX Font Info:    Redeclaring math symbol \epsilon on input line 42.
LaTeX Font Info:    Redeclaring math symbol \zeta on input line 43.
LaTeX Font Info:    Redeclaring math symbol \eta on input line 44.
LaTeX Font Info:    Redeclaring math symbol \theta on input line 45.
LaTeX Font Info:    Redeclaring math symbol \iota on input line 46.
LaTeX Font Info:    Redeclaring math symbol \kappa on input line 47.
LaTeX Font Info:    Redeclaring math symbol \lambda on input line 48.
LaTeX Font Info:    Redeclaring math symbol \mu on input line 49.
LaTeX Font Info:    Redeclaring math symbol \nu on input line 50.
LaTeX Font Info:    Redeclaring math symbol \xi on input line 51.
LaTeX Font Info:    Redeclaring math symbol \pi on input line 52.
LaTeX Font Info:    Redeclaring math symbol \rho on input line 53.
LaTeX Font Info:    Redeclaring math symbol \sigma on input line 54.
LaTeX Font Info:    Redeclaring math symbol \tau on input line 55.
LaTeX Font Info:    Redeclaring math symbol \upsilon on input line 56.
LaTeX Font Info:    Redeclaring math symbol \phi on input line 57.
LaTeX Font Info:    Redeclaring math symbol \chi on input line 58.
LaTeX Font Info:    Redeclaring math symbol \psi on input line 59.
LaTeX Font Info:    Redeclaring math symbol \omega on input line 60.
LaTeX Font Info:    Redeclaring math symbol \varepsilon on input line 61.
LaTeX Font Info:    Redeclaring math symbol \vartheta on input line 62.
LaTeX Font Info:    Redeclaring math symbol \varpi on input line 63.
LaTeX Font Info:    Redeclaring math symbol \varphi on input line 64.
LaTeX Font Info:    Redeclaring math symbol \varrho on input line 65.
LaTeX Font Info:    Redeclaring math symbol \varsigma on input line 66.
)) (/nix/store/37chk0n35jywvcxydhpjd52lgzzc0n5v-texlive-combined-full-2021.20210408/share/texmf/tex/latex/mathtools/mathtools.sty
Package: mathtools 2021/03/28 v1.26 mathematical typesetting tools
 (/nix/store/37chk0n35jywvcxydhpjd52lgzzc0n5v-texlive-combined-full-2021.20210408/share/texmf/tex/latex/tools/calc.sty
Package: calc 2017/05/25 v4.3 Infix arithmetic (KKT,FJ)
\calc@Acount=\count279
\calc@Bcount=\count280
\calc@Adimen=\dimen162
\calc@Bdimen=\dimen163
\calc@Askip=\skip72
\calc@Bskip=\skip73
LaTeX Info: Redefining \setlength on input line 80.
LaTeX Info: Redefining \addtolength on input line 81.
\calc@Ccount=\count281
\calc@Cskip=\skip74
) (/nix/store/37chk0n35jywvcxydhpjd52lgzzc0n5v-texlive-combined-full-2021.20210408/share/texmf/tex/latex/mathtools/mhsetup.sty
Package: mhsetup 2021/03/18 v1.4 programming setup (MH)
)
LaTeX Info: Thecontrolsequence`\('isalreadyrobust on input line 130.
LaTeX Info: Thecontrolsequence`\)'isalreadyrobust on input line 130.
LaTeX Info: Thecontrolsequence`\['isalreadyrobust on input line 130.
LaTeX Info: Thecontrolsequence`\]'isalreadyrobust on input line 130.
\g_MT_multlinerow_int=\count282
\l_MT_multwidth_dim=\dimen164
\origjot=\skip75
\l_MT_shortvdotswithinadjustabove_dim=\dimen165
\l_MT_shortvdotswithinadjustbelow_dim=\dimen166
\l_MT_above_intertext_sep=\dimen167
\l_MT_below_intertext_sep=\dimen168
\l_MT_above_shortintertext_sep=\dimen169
\l_MT_below_shortintertext_sep=\dimen170
\xmathstrut@box=\box53
\xmathstrut@dim=\dimen171
) (/nix/store/37chk0n35jywvcxydhpjd52lgzzc0n5v-texlive-combined-full-2021.20210408/share/texmf/tex/latex/txfonts/txfonts.sty
Package: txfonts 2008/01/22 v3.2.1
LaTeX Font Info:    Redeclaring symbol font `operators' on input line 21.
LaTeX Font Info:    Overwriting symbol font `operators' in version `normal'
(Font)                  OT1/cmr/m/n --> OT1/txr/m/n on input line 21.
LaTeX Font Info:    Overwriting symbol font `operators' in version `bold'
(Font)                  OT1/cmr/bx/n --> OT1/txr/m/n on input line 21.
LaTeX Font Info:    Overwriting symbol font `operators' in version `bold'
(Font)                  OT1/txr/m/n --> OT1/txr/bx/n on input line 22.
\symitalic=\mathgroup7
LaTeX Font Info:    Overwriting symbol font `italic' in version `bold'
(Font)                  OT1/txr/m/it --> OT1/txr/bx/it on input line 26.
LaTeX Font Info:    Redeclaring math alphabet \mathbf on input line 29.
LaTeX Font Info:    Overwriting math alphabet `\mathbf' in version `normal'
(Font)                  OT1/cmr/bx/n --> OT1/txr/bx/n on input line 29.
LaTeX Font Info:    Overwriting math alphabet `\mathbf' in version `bold'
(Font)                  OT1/cmr/bx/n --> OT1/txr/bx/n on input line 29.
LaTeX Font Info:    Redeclaring math alphabet \mathit on input line 30.
LaTeX Font Info:    Overwriting math alphabet `\mathit' in version `normal'
(Font)                  OT1/cmr/m/it --> OT1/txr/m/it on input line 30.
LaTeX Font Info:    Overwriting math alphabet `\mathit' in version `bold'
(Font)                  OT1/cmr/bx/it --> OT1/txr/m/it on input line 30.
LaTeX Font Info:    Overwriting math alphabet `\mathit' in version `bold'
(Font)                  OT1/txr/m/it --> OT1/txr/bx/it on input line 31.
LaTeX Font Info:    Redeclaring math alphabet \mathsf on input line 40.
LaTeX Font Info:    Overwriting math alphabet `\mathsf' in version `normal'
(Font)                  OT1/cmss/m/n --> OT1/txss/m/n on input line 40.
LaTeX Font Info:    Overwriting math alphabet `\mathsf' in version `bold'
(Font)                  OT1/cmss/bx/n --> OT1/txss/m/n on input line 40.
LaTeX Font Info:    Overwriting math alphabet `\mathsf' in version `bold'
(Font)                  OT1/txss/m/n --> OT1/txss/b/n on input line 41.
LaTeX Font Info:    Redeclaring math alphabet \mathtt on input line 50.
LaTeX Font Info:    Overwriting math alphabet `\mathtt' in version `normal'
(Font)                  OT1/cmtt/m/n --> OT1/txtt/m/n on input line 50.
LaTeX Font Info:    Overwriting math alphabet `\mathtt' in version `bold'
(Font)                  OT1/cmtt/m/n --> OT1/txtt/m/n on input line 50.
LaTeX Font Info:    Overwriting math alphabet `\mathtt' in version `bold'
(Font)                  OT1/txtt/m/n --> OT1/txtt/b/n on input line 51.
LaTeX Font Info:    Redeclaring symbol font `letters' on input line 58.
LaTeX Font Info:    Overwriting symbol font `letters' in version `normal'
(Font)                  OML/cmm/m/it --> OML/txmi/m/it on input line 58.
LaTeX Font Info:    Overwriting symbol font `letters' in version `bold'
(Font)                  OML/cmm/b/it --> OML/txmi/m/it on input line 58.
LaTeX Font Info:    Overwriting symbol font `letters' in version `bold'
(Font)                  OML/txmi/m/it --> OML/txmi/bx/it on input line 59.
\symlettersA=\mathgroup8
LaTeX Font Info:    Overwriting symbol font `lettersA' in version `bold'
(Font)                  U/txmia/m/it --> U/txmia/bx/it on input line 67.
LaTeX Font Info:    Redeclaring math alphabet \mathfrak on input line 70.
LaTeX Font Info:    Redeclaring symbol font `symbols' on input line 77.
LaTeX Font Info:    Overwriting symbol font `symbols' in version `normal'
(Font)                  OMS/cmsy/m/n --> OMS/txsy/m/n on input line 77.
LaTeX Font Info:    Overwriting symbol font `symbols' in version `bold'
(Font)                  OMS/cmsy/b/n --> OMS/txsy/m/n on input line 77.
LaTeX Font Info:    Overwriting symbol font `symbols' in version `bold'
(Font)                  OMS/txsy/m/n --> OMS/txsy/bx/n on input line 78.
LaTeX Font Info:    Redeclaring symbol font `AMSa' on input line 93.
LaTeX Font Info:    Overwriting symbol font `AMSa' in version `normal'
(Font)                  U/msa/m/n --> U/txsya/m/n on input line 93.
LaTeX Font Info:    Overwriting symbol font `AMSa' in version `bold'
(Font)                  U/msa/m/n --> U/txsya/m/n on input line 93.
LaTeX Font Info:    Overwriting symbol font `AMSa' in version `bold'
(Font)                  U/txsya/m/n --> U/txsya/bx/n on input line 94.
LaTeX Font Info:    Redeclaring symbol font `AMSb' on input line 102.
LaTeX Font Info:    Overwriting symbol font `AMSb' in version `normal'
(Font)                  U/msb/m/n --> U/txsyb/m/n on input line 102.
LaTeX Font Info:    Overwriting symbol font `AMSb' in version `bold'
(Font)                  U/msb/m/n --> U/txsyb/m/n on input line 102.
LaTeX Font Info:    Overwriting symbol font `AMSb' in version `bold'
(Font)                  U/txsyb/m/n --> U/txsyb/bx/n on input line 103.
\symsymbolsC=\mathgroup9
LaTeX Font Info:    Overwriting symbol font `symbolsC' in version `bold'
(Font)                  U/txsyc/m/n --> U/txsyc/bx/n on input line 113.
LaTeX Font Info:    Redeclaring symbol font `largesymbols' on input line 120.
LaTeX Font Info:    Overwriting symbol font `largesymbols' in version `normal'
(Font)                  OMX/cmex/m/n --> OMX/txex/m/n on input line 120.
LaTeX Font Info:    Overwriting symbol font `largesymbols' in version `bold'
(Font)                  OMX/cmex/m/n --> OMX/txex/m/n on input line 120.
LaTeX Font Info:    Overwriting symbol font `largesymbols' in version `bold'
(Font)                  OMX/txex/m/n --> OMX/txex/bx/n on input line 121.
\symlargesymbolsA=\mathgroup10
LaTeX Font Info:    Overwriting symbol font `largesymbolsA' in version `bold'
(Font)                  U/txexa/m/n --> U/txexa/bx/n on input line 129.
LaTeX Font Info:    Redeclaring math symbol \mathsterling on input line 164.
LaTeX Info: Redefining \not on input line 1043.
) (/nix/store/37chk0n35jywvcxydhpjd52lgzzc0n5v-texlive-combined-full-2021.20210408/share/texmf/tex/latex/was/upgreek.sty
Package: upgreek 2003/02/12 v2.0 (WaS)
Package upgreek Info: Using Euler Roman for upright Greek on input line 31.
\symugrf@m=\mathgroup11
LaTeX Font Info:    Overwriting symbol font `ugrf@m' in version `bold'
(Font)                  U/eur/m/n --> U/eur/b/n on input line 38.
) (/nix/store/37chk0n35jywvcxydhpjd52lgzzc0n5v-texlive-combined-full-2021.20210408/share/texmf/tex/latex/tools/enumerate.sty
Package: enumerate 2015/07/23 v3.00 enumerate extensions (DPC)
\@enLab=\toks25
) (/nix/store/37chk0n35jywvcxydhpjd52lgzzc0n5v-texlive-combined-full-2021.20210408/share/texmf/tex/latex/tensor/tensor.sty
Package: tensor 2004/12/20 v2.1 tensor indices package (PGR)
\tnsr@Sps=\toks26
\tnsr@Sbs=\toks27
\tnsr@Spe=\toks28
\tnsr@Sbe=\toks29
\ncld@Mno=\toks30
) (/nix/store/37chk0n35jywvcxydhpjd52lgzzc0n5v-texlive-combined-full-2021.20210408/share/texmf/tex/latex/psnfss/pifont.sty
Package: pifont 2020/03/25 PSNFSS-v9.3 Pi font support (SPQR) 
LaTeX Font Info:    Trying to load font information for U+pzd on input line 63.
 (/nix/store/37chk0n35jywvcxydhpjd52lgzzc0n5v-texlive-combined-full-2021.20210408/share/texmf/tex/latex/psnfss/upzd.fd
File: upzd.fd 2001/06/04 font definitions for U/pzd.
)
LaTeX Font Info:    Trying to load font information for U+psy on input line 64.
 (/nix/store/37chk0n35jywvcxydhpjd52lgzzc0n5v-texlive-combined-full-2021.20210408/share/texmf/tex/latex/psnfss/upsy.fd
File: upsy.fd 2001/06/04 font definitions for U/psy.
)) (/nix/store/37chk0n35jywvcxydhpjd52lgzzc0n5v-texlive-combined-full-2021.20210408/share/texmf/tex/generic/ulem/ulem.sty
\UL@box=\box54
\UL@hyphenbox=\box55
\UL@skip=\skip76
\UL@hook=\toks31
\UL@height=\dimen172
\UL@pe=\count283
\UL@pixel=\dimen173
\ULC@box=\box56
Package: ulem 2019/11/18
\ULdepth=\dimen174
) (/nix/store/37chk0n35jywvcxydhpjd52lgzzc0n5v-texlive-combined-full-2021.20210408/share/texmf/tex/latex/l3packages/xfrac/xfrac.sty (/nix/store/37chk0n35jywvcxydhpjd52lgzzc0n5v-texlive-combined-full-2021.20210408/share/texmf/tex/latex/l3kernel/expl3.sty
Package: expl3 2021-02-18 L3 programming layer (loader) 
 (/nix/store/37chk0n35jywvcxydhpjd52lgzzc0n5v-texlive-combined-full-2021.20210408/share/texmf/tex/latex/l3backend/l3backend-pdftex.def
File: l3backend-pdftex.def 2021-03-18 L3 backend support: PDF output (pdfTeX)
\l__color_backend_stack_int=\count284
\l__pdf_internal_box=\box57
)) (/nix/store/37chk0n35jywvcxydhpjd52lgzzc0n5v-texlive-combined-full-2021.20210408/share/texmf/tex/latex/l3packages/l3keys2e/l3keys2e.sty
Package: l3keys2e 2021-03-12 LaTeX2e option processing using LaTeX3 keys
) (/nix/store/37chk0n35jywvcxydhpjd52lgzzc0n5v-texlive-combined-full-2021.20210408/share/texmf/tex/latex/l3packages/xparse/xparse.sty (/nix/store/37chk0n35jywvcxydhpjd52lgzzc0n5v-texlive-combined-full-2021.20210408/share/texmf/tex/latex/l3packages/xparse/xparse-2020-10-01.sty (/nix/store/37chk0n35jywvcxydhpjd52lgzzc0n5v-texlive-combined-full-2021.20210408/share/texmf/tex/latex/l3packages/xparse/xparse-generic.tex))) (/nix/store/37chk0n35jywvcxydhpjd52lgzzc0n5v-texlive-combined-full-2021.20210408/share/texmf/tex/latex/l3packages/xtemplate/xtemplate.sty
Package: xtemplate 2021-03-12 L3 Experimental prototype document functions
\l__xtemplate_tmp_dim=\dimen175
\l__xtemplate_tmp_int=\count285
\l__xtemplate_tmp_muskip=\muskip18
\l__xtemplate_tmp_skip=\skip77
)
Package: xfrac 2021-03-12 L3 Experimental split-level fractions
\l__xfrac_slash_box=\box58
\l__xfrac_tmp_box=\box59
\l__xfrac_denominator_bot_sep_dim=\dimen176
\l__xfrac_numerator_bot_sep_dim=\dimen177
\l__xfrac_numerator_top_sep_dim=\dimen178
\l__xfrac_slash_left_sep_dim=\dimen179
\l__xfrac_slash_right_sep_dim=\dimen180
\l__xfrac_slash_left_muskip=\muskip19
\l__xfrac_slash_right_muskip=\muskip20

Package xtemplate Info: Declaring object type 'xfrac' taking 3 argument(s) on
(xtemplate)             line 80.

) (/nix/store/37chk0n35jywvcxydhpjd52lgzzc0n5v-texlive-combined-full-2021.20210408/share/texmf/tex/generic/soul/soul.sty
Package: soul 2003/11/17 v2.4 letterspacing/underlining (mf)
\SOUL@word=\toks32
\SOUL@lasttoken=\toks33
\SOUL@cmds=\toks34
\SOUL@buffer=\toks35
\SOUL@token=\toks36
\SOUL@spaceskip=\skip78
\SOUL@ttwidth=\dimen181
\SOUL@uldp=\dimen182
\SOUL@ulht=\dimen183
) (/nix/store/37chk0n35jywvcxydhpjd52lgzzc0n5v-texlive-combined-full-2021.20210408/share/texmf/tex/latex/arydshln/arydshln.sty
Package: arydshln 2019/02/21 v1.76 
\dashlinedash=\dimen184
\dashlinegap=\dimen185
\adl@box=\box60
\adl@height=\dimen186
\adl@heightsave=\dimen187
\adl@depth=\dimen188
\adl@depthsave=\dimen189
\adl@finaldepth=\dimen190
\adl@columns=\count286
\adl@ncol=\count287
\adl@currentcolumn=\count288
\adl@currentcolumnsave=\count289
\adl@totalheight=\count290
\adl@totalheightsave=\count291
\adl@dash=\count292
\adl@gap=\count293
\adl@cla=\count294
\adl@clb=\count295
\adl@everyvbox=\toks37
\adl@LTpagetotal=\dimen191
) (/nix/store/37chk0n35jywvcxydhpjd52lgzzc0n5v-texlive-combined-full-2021.20210408/share/texmf/tex/generic/babel/babel.sty
Package: babel 2021/03/24 3.56 The Babel package
 (/nix/store/37chk0n35jywvcxydhpjd52lgzzc0n5v-texlive-combined-full-2021.20210408/share/texmf/tex/generic/babel/babel.def
File: babel.def 2021/03/24 3.56 Babel common definitions
\babel@savecnt=\count296
\U@D=\dimen192
\l@babelnohyphens=\language87
 (/nix/store/37chk0n35jywvcxydhpjd52lgzzc0n5v-texlive-combined-full-2021.20210408/share/texmf/tex/generic/babel/txtbabel.def)
\bbl@readstream=\read2
)
\bbl@dirlevel=\count297
 (/nix/store/37chk0n35jywvcxydhpjd52lgzzc0n5v-texlive-combined-full-2021.20210408/share/texmf/tex/generic/babel-english/english.ldf
Language: english 2017/06/06 v3.3r English support from the babel system
Package babel Info: \l@canadian = using hyphenrules for english
(babel)             (\language0) on input line 102.
Package babel Info: \l@australian = using hyphenrules for ukenglish
(babel)             (\language21) on input line 105.
Package babel Info: \l@newzealand = using hyphenrules for ukenglish
(babel)             (\language21) on input line 108.
) (/nix/store/37chk0n35jywvcxydhpjd52lgzzc0n5v-texlive-combined-full-2021.20210408/share/texmf/tex/generic/babel-dutch/dutch.ldf
Language: dutch 2020/10/29 v3.8j Dutch support from the babel system
Package babel Info: Making " an active character on input line 127.
))
LaTeX Font Info:    Trying to load font information for T1+txr on input line 37.
 (/nix/store/37chk0n35jywvcxydhpjd52lgzzc0n5v-texlive-combined-full-2021.20210408/share/texmf/tex/latex/txfonts/t1txr.fd
File: t1txr.fd 2000/12/15 v3.1
) (/home/tmn/src/boek-oma/generated.aux)
\openout1 = `generated.aux'.

LaTeX Font Info:    Checking defaults for OML/txmi/m/it on input line 37.
LaTeX Font Info:    Trying to load font information for OML+txmi on input line 37.
 (/nix/store/37chk0n35jywvcxydhpjd52lgzzc0n5v-texlive-combined-full-2021.20210408/share/texmf/tex/latex/txfonts/omltxmi.fd
File: omltxmi.fd 2000/12/15 v3.1
)
LaTeX Font Info:    ... okay on input line 37.
LaTeX Font Info:    Checking defaults for OMS/txsy/m/n on input line 37.
LaTeX Font Info:    Trying to load font information for OMS+txsy on input line 37.
 (/nix/store/37chk0n35jywvcxydhpjd52lgzzc0n5v-texlive-combined-full-2021.20210408/share/texmf/tex/latex/txfonts/omstxsy.fd
File: omstxsy.fd 2000/12/15 v3.1
)
LaTeX Font Info:    ... okay on input line 37.
LaTeX Font Info:    Checking defaults for OT1/cmr/m/n on input line 37.
LaTeX Font Info:    ... okay on input line 37.
LaTeX Font Info:    Checking defaults for T1/cmr/m/n on input line 37.
LaTeX Font Info:    ... okay on input line 37.
LaTeX Font Info:    Checking defaults for TS1/cmr/m/n on input line 37.
LaTeX Font Info:    ... okay on input line 37.
LaTeX Font Info:    Checking defaults for OMX/txex/m/n on input line 37.
LaTeX Font Info:    Trying to load font information for OMX+txex on input line 37.
 (/nix/store/37chk0n35jywvcxydhpjd52lgzzc0n5v-texlive-combined-full-2021.20210408/share/texmf/tex/latex/txfonts/omxtxex.fd
File: omxtxex.fd 2000/12/15 v3.1
)
LaTeX Font Info:    ... okay on input line 37.
LaTeX Font Info:    Checking defaults for U/txexa/m/n on input line 37.
LaTeX Font Info:    Trying to load font information for U+txexa on input line 37.
 (/nix/store/37chk0n35jywvcxydhpjd52lgzzc0n5v-texlive-combined-full-2021.20210408/share/texmf/tex/latex/txfonts/utxexa.fd
File: utxexa.fd 2000/12/15 v3.1
)
LaTeX Font Info:    ... okay on input line 37.
LaTeX Font Info:    Checking defaults for PD1/pdf/m/n on input line 37.
LaTeX Font Info:    ... okay on input line 37.
LaTeX Font Info:    Checking defaults for PU/pdf/m/n on input line 37.
LaTeX Font Info:    ... okay on input line 37.
LaTeX Font Info:    Checking defaults for T3/cmr/m/n on input line 37.
LaTeX Font Info:    Trying to load font information for T3+cmr on input line 37.
 (/nix/store/37chk0n35jywvcxydhpjd52lgzzc0n5v-texlive-combined-full-2021.20210408/share/texmf/tex/latex/tipa/t3cmr.fd
File: t3cmr.fd 2001/12/31 TIPA font definitions
)
LaTeX Font Info:    ... okay on input line 37.
 (/nix/store/37chk0n35jywvcxydhpjd52lgzzc0n5v-texlive-combined-full-2021.20210408/share/texmf/tex/context/base/mkii/supp-pdf.mkii
[Loading MPS to PDF converter (version 2006.09.02).]
\scratchcounter=\count298
\scratchdimen=\dimen193
\scratchbox=\box61
\nofMPsegments=\count299
\nofMParguments=\count300
\everyMPshowfont=\toks38
\MPscratchCnt=\count301
\MPscratchDim=\dimen194
\MPnumerator=\count302
\makeMPintoPDFobject=\count303
\everyMPtoPDFconversion=\toks39
) (/nix/store/37chk0n35jywvcxydhpjd52lgzzc0n5v-texlive-combined-full-2021.20210408/share/texmf/tex/latex/epstopdf-pkg/epstopdf-base.sty
Package: epstopdf-base 2020-01-24 v2.11 Base part for package epstopdf
 (/nix/store/37chk0n35jywvcxydhpjd52lgzzc0n5v-texlive-combined-full-2021.20210408/share/texmf/tex/latex/grfext/grfext.sty
Package: grfext 2019/12/03 v1.3 Manage graphics extensions (HO)
)
Package epstopdf-base Info: Redefining graphics rule for `.eps' on input line 485.
Package grfext Info: Graphics extension search list:
(grfext)             [.pdf,.png,.jpg,.mps,.jpeg,.jbig2,.jb2,.PDF,.PNG,.JPG,.JPEG,.JBIG2,.JB2,.eps]
(grfext)             \AppendGraphicsExtensions on input line 504.
 (/nix/store/37chk0n35jywvcxydhpjd52lgzzc0n5v-texlive-combined-full-2021.20210408/share/texmf/tex/latex/latexconfig/epstopdf-sys.cfg
File: epstopdf-sys.cfg 2010/07/13 v1.3 Configuration of (r)epstopdf for TeX Live
))
Package hyperref Info: Link coloring OFF on input line 37.
 (/nix/store/37chk0n35jywvcxydhpjd52lgzzc0n5v-texlive-combined-full-2021.20210408/share/texmf/tex/latex/hyperref/nameref.sty
Package: nameref 2021-04-02 v2.47 Cross-referencing by name of section
 (/nix/store/37chk0n35jywvcxydhpjd52lgzzc0n5v-texlive-combined-full-2021.20210408/share/texmf/tex/latex/refcount/refcount.sty
Package: refcount 2019/12/15 v3.6 Data extraction from label references (HO)
) (/nix/store/37chk0n35jywvcxydhpjd52lgzzc0n5v-texlive-combined-full-2021.20210408/share/texmf/tex/generic/gettitlestring/gettitlestring.sty
Package: gettitlestring 2019/12/15 v1.6 Cleanup title references (HO)
)
\c@section@level=\count304
)
LaTeX Info: Redefining \ref on input line 37.
LaTeX Info: Redefining \pageref on input line 37.
LaTeX Info: Redefining \nameref on input line 37.
\@outlinefile=\write3
\openout3 = `generated.out'.

Class scrbook Info: loading recommended package `bookmark'.
(scrbook)           Using `bookmark' together with `hyperref' is recommended,
(scrbook)           because of handling of possible bookmark level gaps.
(scrbook)           You can avoid loading `bookmark' with KOMA-Script option
(scrbook)           `bookmarkpackage=false' before \begin{document} and
(scrbook)           you can avoid this message adding:
(scrbook)             \usepackage{bookmark}
(scrbook)           before \begin{document} on input line 37.
 (/nix/store/37chk0n35jywvcxydhpjd52lgzzc0n5v-texlive-combined-full-2021.20210408/share/texmf/tex/latex/bookmark/bookmark.sty
Package: bookmark 2020-11-06 v1.29 PDF bookmarks (HO)
 (/nix/store/37chk0n35jywvcxydhpjd52lgzzc0n5v-texlive-combined-full-2021.20210408/share/texmf/tex/latex/bookmark/bkm-pdftex.def
File: bkm-pdftex.def 2020-11-06 v1.29 bookmark driver for pdfTeX (HO)
\BKM@id=\count305
))
LaTeX Font Info:    Font shape `T1/txr/b/n' in size <10.95> not available
(Font)              Font shape `T1/txr/bx/n' tried instead on input line 38.


LaTeX Warning: File `boek_Tine_Blom.docx.tmp/word/media/image1.jpeg' not found on input line 38.


/home/tmn/src/boek-oma/generated.tex:38: Package pdftex.def Error: File `boek_Tine_Blom.docx.tmp/word/media/image1.jpeg' not found: using draft setting.

See the pdftex.def package documentation for explanation.
Type  H <return>  for immediate help.
 ...                                              
                                                  
l.38 ...ine_Blom.docx.tmp/word/media/image1.jpeg}}
                                                  
Try typing  <return>  to proceed.
If that doesn't work, type  X <return>  to quit.

LaTeX Font Info:    Trying to load font information for T1+txtt on input line 38.
(/nix/store/37chk0n35jywvcxydhpjd52lgzzc0n5v-texlive-combined-full-2021.20210408/share/texmf/tex/latex/txfonts/t1txtt.fd
File: t1txtt.fd 2000/12/15 v3.1
)
LaTeX Font Info:    Font shape `T1/txtt/b/n' in size <10.95> not available
(Font)              Font shape `T1/txtt/bx/n' tried instead on input line 38.
 [1

{/nix/store/37chk0n35jywvcxydhpjd52lgzzc0n5v-texlive-combined-full-2021.20210408/share/texmf-var/fonts/map/pdftex/updmap/pdftex.map}] [2


]
LaTeX Font Info:    Trying to load font information for T1+txss on input line 42.
 (/nix/store/37chk0n35jywvcxydhpjd52lgzzc0n5v-texlive-combined-full-2021.20210408/share/texmf/tex/latex/txfonts/t1txss.fd
File: t1txss.fd 2000/12/15 v3.1
)
LaTeX Font Info:    Font shape `T1/txss/m/n' will be
(Font)              scaled to size 10.40245pt on input line 42.
LaTeX Font Info:    Font shape `T1/txss/b/n' in size <10.95> not available
(Font)              Font shape `T1/txss/bx/n' tried instead on input line 42.
LaTeX Font Info:    Font shape `T1/txss/bx/n' will be
(Font)              scaled to size 10.40245pt on input line 42.
LaTeX Font Info:    Font shape `T1/txss/b/n' in size <20.74> not available
(Font)              Font shape `T1/txss/bx/n' tried instead on input line 42.
LaTeX Font Info:    Font shape `T1/txss/bx/n' will be
(Font)              scaled to size 19.70294pt on input line 42.
\tf@toc=\write4
\openout4 = `generated.toc'.



LaTeX Warning: File `boek_Tine_Blom.docx.tmp/word/media/image2.jpg' not found on input line 44.


/home/tmn/src/boek-oma/generated.tex:44: Package pdftex.def Error: File `boek_Tine_Blom.docx.tmp/word/media/image2.jpg' not found: using draft setting.

See the pdftex.def package documentation for explanation.
Type  H <return>  for immediate help.
 ...                                              
                                                  
l.44 ..._Tine_Blom.docx.tmp/word/media/image2.jpg}
                                                  
Try typing  <return>  to proceed.
If that doesn't work, type  X <return>  to quit.


Overfull \hbox (10.95pt too wide) in paragraph at lines 44--45
[][] 
 []

LaTeX Font Info:    Font shape `T1/txss/b/n' in size <14.4> not available
(Font)              Font shape `T1/txss/bx/n' tried instead on input line 46.
LaTeX Font Info:    Font shape `T1/txss/bx/n' will be
(Font)              scaled to size 13.67995pt on input line 46.
[3] [4]
chapter 1.

LaTeX Warning: File `boek_Tine_Blom.docx.tmp/word/media/image3.jpg' not found on input line 62.


/home/tmn/src/boek-oma/generated.tex:62: Package pdftex.def Error: File `boek_Tine_Blom.docx.tmp/word/media/image3.jpg' not found: using draft setting.

See the pdftex.def package documentation for explanation.
Type  H <return>  for immediate help.
 ...                                              
                                                  
l.62 ..._Tine_Blom.docx.tmp/word/media/image3.jpg}
                                                  
Try typing  <return>  to proceed.
If that doesn't work, type  X <return>  to quit.


Overfull \hbox (238.34819pt too wide) in paragraph at lines 62--63
\T1/txr/m/n/10.95 Bert was van 1924 en Kees van 1930. Ik zat er tussenin.[] 
 []


LaTeX Warning: File `boek_Tine_Blom.docx.tmp/word/media/image4.jpg' not found on input line 66.


/home/tmn/src/boek-oma/generated.tex:66: Package pdftex.def Error: File `boek_Tine_Blom.docx.tmp/word/media/image4.jpg' not found: using draft setting.

See the pdftex.def package documentation for explanation.
Type  H <return>  for immediate help.
 ...                                              
                                                  
l.66 ..._Tine_Blom.docx.tmp/word/media/image4.jpg}
                                                  
Try typing  <return>  to proceed.
If that doesn't work, type  X <return>  to quit.


Overfull \hbox (10.95pt too wide) in paragraph at lines 66--67
[][] 
 []

[5


]

LaTeX Warning: File `boek_Tine_Blom.docx.tmp/word/media/image5.jpg' not found on input line 72.


/home/tmn/src/boek-oma/generated.tex:72: Package pdftex.def Error: File `boek_Tine_Blom.docx.tmp/word/media/image5.jpg' not found: using draft setting.

See the pdftex.def package documentation for explanation.
Type  H <return>  for immediate help.
 ...                                              
                                                  
l.72 ..._Tine_Blom.docx.tmp/word/media/image5.jpg}
                                                  
Try typing  <return>  to proceed.
If that doesn't work, type  X <return>  to quit.


Overfull \hbox (56.15152pt too wide) in paragraph at lines 72--73
\T1/txr/m/n/10.95 aten we daar.[] 
 []


Underfull \vbox (badness 10000) has occurred while \output is active []

 [6]

LaTeX Warning: File `boek_Tine_Blom.docx.tmp/word/media/image6.jpg' not found on input line 83.


/home/tmn/src/boek-oma/generated.tex:83: Package pdftex.def Error: File `boek_Tine_Blom.docx.tmp/word/media/image6.jpg' not found: using draft setting.

See the pdftex.def package documentation for explanation.
Type  H <return>  for immediate help.
 ...                                              
                                                  
l.83 ..._Tine_Blom.docx.tmp/word/media/image6.jpg}
                                                  
Try typing  <return>  to proceed.
If that doesn't work, type  X <return>  to quit.


Overfull \hbox (10.95pt too wide) in paragraph at lines 83--84
[][] 
 []


Underfull \vbox (badness 10000) has occurred while \output is active []

 [7]

LaTeX Warning: File `boek_Tine_Blom.docx.tmp/word/media/image7.jpg' not found on input line 90.


/home/tmn/src/boek-oma/generated.tex:90: Package pdftex.def Error: File `boek_Tine_Blom.docx.tmp/word/media/image7.jpg' not found: using draft setting.

See the pdftex.def package documentation for explanation.
Type  H <return>  for immediate help.
 ...                                              
                                                  
l.90 ..._Tine_Blom.docx.tmp/word/media/image7.jpg}
                                                  
Try typing  <return>  to proceed.
If that doesn't work, type  X <return>  to quit.


Overfull \hbox (10.95pt too wide) in paragraph at lines 90--91
[][] 
 []


Underfull \vbox (badness 10000) has occurred while \output is active []

 [8]

LaTeX Warning: File `boek_Tine_Blom.docx.tmp/word/media/image8.jpg' not found on input line 102.


/home/tmn/src/boek-oma/generated.tex:102: Package pdftex.def Error: File `boek_Tine_Blom.docx.tmp/word/media/image8.jpg' not found: using draft setting.

See the pdftex.def package documentation for explanation.
Type  H <return>  for immediate help.
 ...                                              
                                                  
l.102 ...Tine_Blom.docx.tmp/word/media/image8.jpg}
                                                  
Try typing  <return>  to proceed.
If that doesn't work, type  X <return>  to quit.


Overfull \hbox (10.95pt too wide) in paragraph at lines 102--103
[][] 
 []


Underfull \vbox (badness 10000) has occurred while \output is active []

 [9]

LaTeX Warning: File `boek_Tine_Blom.docx.tmp/word/media/image9.jpg' not found on input line 106.


/home/tmn/src/boek-oma/generated.tex:106: Package pdftex.def Error: File `boek_Tine_Blom.docx.tmp/word/media/image9.jpg' not found: using draft setting.

See the pdftex.def package documentation for explanation.
Type  H <return>  for immediate help.
 ...                                              
                                                  
l.106 ...ine_Blom.docx.tmp/word/media/image9.jpg}}
                                                  
Try typing  <return>  to proceed.
If that doesn't work, type  X <return>  to quit.

LaTeX Font Info:    Font shape `T1/txtt/m/it' in size <10.95> not available
(Font)              Font shape `T1/txtt/m/sl' tried instead on input line 106.

Overfull \hbox (10.95pt too wide) in paragraph at lines 106--107
[][] 
 []


Underfull \vbox (badness 10000) has occurred while \output is active []

 [10]

LaTeX Warning: File `boek_Tine_Blom.docx.tmp/word/media/image10.jpg' not found on input line 118.


/home/tmn/src/boek-oma/generated.tex:118: Package pdftex.def Error: File `boek_Tine_Blom.docx.tmp/word/media/image10.jpg' not found: using draft setting.

See the pdftex.def package documentation for explanation.
Type  H <return>  for immediate help.
 ...                                              
                                                  
l.118 ...ine_Blom.docx.tmp/word/media/image10.jpg}
                                                  
Try typing  <return>  to proceed.
If that doesn't work, type  X <return>  to quit.


Overfull \hbox (10.95pt too wide) in paragraph at lines 118--119
[][] 
 []


Underfull \vbox (badness 10000) has occurred while \output is active []

 [11] [12]
chapter 2.

LaTeX Warning: File `boek_Tine_Blom.docx.tmp/word/media/image11.jpeg' not found on input line 126.


/home/tmn/src/boek-oma/generated.tex:126: Package pdftex.def Error: File `boek_Tine_Blom.docx.tmp/word/media/image11.jpeg' not found: using draft setting.

See the pdftex.def package documentation for explanation.
Type  H <return>  for immediate help.
 ...                                              
                                                  
l.126 ...ne_Blom.docx.tmp/word/media/image11.jpeg}
                                                  
Try typing  <return>  to proceed.
If that doesn't work, type  X <return>  to quit.


Overfull \hbox (10.95pt too wide) in paragraph at lines 126--129
[][]
 []


LaTeX Warning: File `boek_Tine_Blom.docx.tmp/word/media/image12.jpg' not found on input line 130.


/home/tmn/src/boek-oma/generated.tex:130: Package pdftex.def Error: File `boek_Tine_Blom.docx.tmp/word/media/image12.jpg' not found: using draft setting.

See the pdftex.def package documentation for explanation.
Type  H <return>  for immediate help.
 ...                                              
                                                  
l.130 ...ine_Blom.docx.tmp/word/media/image12.jpg}
                                                  
Try typing  <return>  to proceed.
If that doesn't work, type  X <return>  to quit.


Overfull \hbox (10.95pt too wide) in paragraph at lines 130--131
[][] 
 []


Underfull \vbox (badness 10000) has occurred while \output is active []

 [13


]

LaTeX Warning: File `boek_Tine_Blom.docx.tmp/word/media/image13.jpeg' not found on input line 132.


/home/tmn/src/boek-oma/generated.tex:132: Package pdftex.def Error: File `boek_Tine_Blom.docx.tmp/word/media/image13.jpeg' not found: using draft setting.

See the pdftex.def package documentation for explanation.
Type  H <return>  for immediate help.
 ...                                              
                                                  
l.132 ...ne_Blom.docx.tmp/word/media/image13.jpeg}
                                                  
Try typing  <return>  to proceed.
If that doesn't work, type  X <return>  to quit.


Overfull \hbox (10.95pt too wide) in paragraph at lines 132--133
[][] 
 []


Underfull \vbox (badness 10000) has occurred while \output is active []

 [14]

LaTeX Warning: File `boek_Tine_Blom.docx.tmp/word/media/image14.jpg' not found on input line 146.


/home/tmn/src/boek-oma/generated.tex:146: Package pdftex.def Error: File `boek_Tine_Blom.docx.tmp/word/media/image14.jpg' not found: using draft setting.

See the pdftex.def package documentation for explanation.
Type  H <return>  for immediate help.
 ...                                              
                                                  
l.146 ...ine_Blom.docx.tmp/word/media/image14.jpg}
                                                  
Try typing  <return>  to proceed.
If that doesn't work, type  X <return>  to quit.


Overfull \hbox (10.95pt too wide) in paragraph at lines 146--147
[][] 
 []


Underfull \vbox (badness 10000) has occurred while \output is active []

 [15]

LaTeX Warning: File `boek_Tine_Blom.docx.tmp/word/media/image15.jpeg' not found on input line 152.


/home/tmn/src/boek-oma/generated.tex:152: Package pdftex.def Error: File `boek_Tine_Blom.docx.tmp/word/media/image15.jpeg' not found: using draft setting.

See the pdftex.def package documentation for explanation.
Type  H <return>  for immediate help.
 ...                                              
                                                  
l.152 ...ne_Blom.docx.tmp/word/media/image15.jpeg}
                                                  
Try typing  <return>  to proceed.
If that doesn't work, type  X <return>  to quit.


LaTeX Warning: File `boek_Tine_Blom.docx.tmp/word/media/image16.jpg' not found on input line 153.


/home/tmn/src/boek-oma/generated.tex:153: Package pdftex.def Error: File `boek_Tine_Blom.docx.tmp/word/media/image16.jpg' not found: using draft setting.

See the pdftex.def package documentation for explanation.
Type  H <return>  for immediate help.
 ...                                              
                                                  
l.153 ...ine_Blom.docx.tmp/word/media/image16.jpg}
                                                  
Try typing  <return>  to proceed.
If that doesn't work, type  X <return>  to quit.


Overfull \hbox (10.95pt too wide) in paragraph at lines 152--154
[][]
 []


Underfull \vbox (badness 10000) has occurred while \output is active []

 [16]
Underfull \vbox (badness 10000) has occurred while \output is active []

 [17]

LaTeX Warning: File `boek_Tine_Blom.docx.tmp/word/media/image17.jpg' not found on input line 163.


/home/tmn/src/boek-oma/generated.tex:163: Package pdftex.def Error: File `boek_Tine_Blom.docx.tmp/word/media/image17.jpg' not found: using draft setting.

See the pdftex.def package documentation for explanation.
Type  H <return>  for immediate help.
 ...                                              
                                                  
l.163 ...ine_Blom.docx.tmp/word/media/image17.jpg}
                                                  
Try typing  <return>  to proceed.
If that doesn't work, type  X <return>  to quit.


Overfull \hbox (10.95pt too wide) in paragraph at lines 163--164
[][] 
 []


Underfull \vbox (badness 10000) has occurred while \output is active []

 [18]

LaTeX Warning: File `boek_Tine_Blom.docx.tmp/word/media/image18.jpeg' not found on input line 171.


/home/tmn/src/boek-oma/generated.tex:171: Package pdftex.def Error: File `boek_Tine_Blom.docx.tmp/word/media/image18.jpeg' not found: using draft setting.

See the pdftex.def package documentation for explanation.
Type  H <return>  for immediate help.
 ...                                              
                                                  
l.171 ...ne_Blom.docx.tmp/word/media/image18.jpeg}
                                                  
Try typing  <return>  to proceed.
If that doesn't work, type  X <return>  to quit.


Overfull \hbox (10.95pt too wide) in paragraph at lines 171--172
[][] 
 []


Underfull \vbox (badness 10000) has occurred while \output is active []

 [19]

LaTeX Warning: File `boek_Tine_Blom.docx.tmp/word/media/image19.jpeg' not found on input line 173.


/home/tmn/src/boek-oma/generated.tex:173: Package pdftex.def Error: File `boek_Tine_Blom.docx.tmp/word/media/image19.jpeg' not found: using draft setting.

See the pdftex.def package documentation for explanation.
Type  H <return>  for immediate help.
 ...                                              
                                                  
l.173 ...ne_Blom.docx.tmp/word/media/image19.jpeg}
                                                  \textit{Riemke Westra (geb...
Try typing  <return>  to proceed.
If that doesn't work, type  X <return>  to quit.


Overfull \hbox (43.06631pt too wide) in paragraph at lines 173--174
[][]\T1/txr/m/it/10.95 Riemke
 []


Underfull \vbox (badness 10000) has occurred while \output is active []

 [20]

LaTeX Warning: File `boek_Tine_Blom.docx.tmp/word/media/image20.jpeg' not found on input line 175.


/home/tmn/src/boek-oma/generated.tex:175: Package pdftex.def Error: File `boek_Tine_Blom.docx.tmp/word/media/image20.jpeg' not found: using draft setting.

See the pdftex.def package documentation for explanation.
Type  H <return>  for immediate help.
 ...                                              
                                                  
l.175 ...ne_Blom.docx.tmp/word/media/image20.jpeg}
                                                  
Try typing  <return>  to proceed.
If that doesn't work, type  X <return>  to quit.


Overfull \hbox (10.95pt too wide) in paragraph at lines 175--176
[][] 
 []


Underfull \vbox (badness 10000) has occurred while \output is active []

 [21]

LaTeX Warning: File `boek_Tine_Blom.docx.tmp/word/media/image21.jpeg' not found on input line 183.


/home/tmn/src/boek-oma/generated.tex:183: Package pdftex.def Error: File `boek_Tine_Blom.docx.tmp/word/media/image21.jpeg' not found: using draft setting.

See the pdftex.def package documentation for explanation.
Type  H <return>  for immediate help.
 ...                                              
                                                  
l.183 ...ne_Blom.docx.tmp/word/media/image21.jpeg}
                                                  In de familie zijn veel te...
Try typing  <return>  to proceed.
If that doesn't work, type  X <return>  to quit.


Overfull \hbox (20.07133pt too wide) in paragraph at lines 183--184
[][]\T1/txr/m/n/10.95 In
 []


Underfull \vbox (badness 10000) has occurred while \output is active []

 [22]

LaTeX Warning: File `boek_Tine_Blom.docx.tmp/word/media/image22.jpeg' not found on input line 189.


/home/tmn/src/boek-oma/generated.tex:189: Package pdftex.def Error: File `boek_Tine_Blom.docx.tmp/word/media/image22.jpeg' not found: using draft setting.

See the pdftex.def package documentation for explanation.
Type  H <return>  for immediate help.
 ...                                              
                                                  
l.189 ...ne_Blom.docx.tmp/word/media/image22.jpeg}
                                                  
Try typing  <return>  to proceed.
If that doesn't work, type  X <return>  to quit.


Overfull \hbox (10.95pt too wide) in paragraph at lines 189--190
[][] 
 []


Underfull \vbox (badness 10000) has occurred while \output is active []

 [23] [24]
chapter 3.

LaTeX Warning: File `boek_Tine_Blom.docx.tmp/word/media/image23.jpg' not found on input line 193.


/home/tmn/src/boek-oma/generated.tex:193: Package pdftex.def Error: File `boek_Tine_Blom.docx.tmp/word/media/image23.jpg' not found: using draft setting.

See the pdftex.def package documentation for explanation.
Type  H <return>  for immediate help.
 ...                                              
                                                  
l.193 ...ine_Blom.docx.tmp/word/media/image23.jpg}
                                                  Toen ik 11 was zijn we naa...
Try typing  <return>  to proceed.
If that doesn't work, type  X <return>  to quit.


Overfull \hbox (21.62622pt too wide) in paragraph at lines 193--194
[]\T1/txr/m/n/10.95 Toen
 []

[25


]

LaTeX Warning: File `boek_Tine_Blom.docx.tmp/word/media/image24.jpg' not found on input line 217.


/home/tmn/src/boek-oma/generated.tex:217: Package pdftex.def Error: File `boek_Tine_Blom.docx.tmp/word/media/image24.jpg' not found: using draft setting.

See the pdftex.def package documentation for explanation.
Type  H <return>  for immediate help.
 ...                                              
                                                  
l.217 ...ine_Blom.docx.tmp/word/media/image24.jpg}
                                                  
Try typing  <return>  to proceed.
If that doesn't work, type  X <return>  to quit.


Overfull \hbox (10.95pt too wide) in paragraph at lines 217--218
[][] 
 []


Underfull \vbox (badness 10000) has occurred while \output is active []

 [26]

LaTeX Warning: File `boek_Tine_Blom.docx.tmp/word/media/image25.jpg' not found on input line 225.


/home/tmn/src/boek-oma/generated.tex:225: Package pdftex.def Error: File `boek_Tine_Blom.docx.tmp/word/media/image25.jpg' not found: using draft setting.

See the pdftex.def package documentation for explanation.
Type  H <return>  for immediate help.
 ...                                              
                                                  
l.225 ...ne_Blom.docx.tmp/word/media/image25.jpg}}
                                                  
Try typing  <return>  to proceed.
If that doesn't work, type  X <return>  to quit.


Overfull \hbox (10.95pt too wide) in paragraph at lines 225--226
[][] 
 []


Underfull \vbox (badness 10000) has occurred while \output is active []

 [27] [28] [29] [30


])
Runaway argument?
{\label {ref-005}\textit {Tine en Kees, schoolfoto 1938-1939 } \par \par \ETC.
! File ended while scanning use of \scr@section@xdblarg.
<inserted text> 
                \par 
<*> /home/tmn/src/boek-oma/generated.tex
                                        
I suspect you have forgotten a `}', causing me
to read past where you wanted me to stop.
I'll try to recover; but if the error is serious,
you'd better type `E' or `X' now and fix your file.

! Emergency stop.
<*> /home/tmn/src/boek-oma/generated.tex
                                        
*** (job aborted, no legal \end found)

 
Here is how much of TeX's memory you used:
 17123 strings out of 478994
 307710 string characters out of 5829509
 750314 words of memory out of 5000000
 34207 multiletter control sequences out of 15000+600000
 431276 words of font info for 60 fonts, out of 8000000 for 9000
 1141 hyphenation exceptions out of 8191
 111i,9n,116p,10651b,382s stack positions out of 5000i,500n,10000p,200000b,80000s
!  ==> Fatal error occurred, no output PDF file produced!
